data/build/outputs/mapping/release/mapping.txt
# compiler: R8
# compiler_version: 3.3.83
# common_typos_disable
# {"id":"com.android.tools.r8.mapping","version":"2.0"}
# pg_map_id: b299c1e
# pg_map_hash: SHA-256 b299c1e3dd7404603bee81d9115ce0009c3b3283a8892c822a5ef4bd482fb5a1
com.matrix.data.local.db.AppDatabase_Impl -> com.matrix.data.local.db.AppDatabase_Impl:
    java.util.List access$000(com.matrix.data.local.db.AppDatabase_Impl) -> a
    androidx.sqlite.db.SupportSQLiteDatabase access$602(com.matrix.data.local.db.AppDatabase_Impl,androidx.sqlite.db.SupportSQLiteDatabase) -> a
    java.util.List access$100(com.matrix.data.local.db.AppDatabase_Impl) -> b
    void access$700(com.matrix.data.local.db.AppDatabase_Impl,androidx.sqlite.db.SupportSQLiteDatabase) -> b
    java.util.List access$1000(com.matrix.data.local.db.AppDatabase_Impl) -> c
    java.util.List access$200(com.matrix.data.local.db.AppDatabase_Impl) -> d
    java.util.List access$300(com.matrix.data.local.db.AppDatabase_Impl) -> e
    java.util.List access$400(com.matrix.data.local.db.AppDatabase_Impl) -> f
    java.util.List access$500(com.matrix.data.local.db.AppDatabase_Impl) -> g
    1:1:java.util.List com.matrix.data.local.db.dao.GodDao_Impl.getRequiredConverters():0:0 -> getRequiredTypeConverters
    1:1:java.util.Map getRequiredTypeConverters():0 -> getRequiredTypeConverters
    2:2:java.util.Map getRequiredTypeConverters():0:0 -> getRequiredTypeConverters
    3:3:java.util.List com.matrix.data.local.db.dao.ItemDao_Impl.getRequiredConverters():0:0 -> getRequiredTypeConverters
    3:3:java.util.Map getRequiredTypeConverters():0 -> getRequiredTypeConverters
    4:4:java.util.Map getRequiredTypeConverters():0:0 -> getRequiredTypeConverters
com.matrix.data.local.db.AppDatabase_Impl$1 -> com.matrix.data.local.db.AppDatabase_Impl$a:
    com.matrix.data.local.db.AppDatabase_Impl this$0 -> a
com.matrix.data.local.db.dao.BuildDao -> a.a:
com.matrix.data.local.db.dao.GodDao -> a.b:
com.matrix.data.local.db.dao.ItemDao -> a.c:
com.matrix.data.service.PatchSyncWorker -> com.matrix.data.service.PatchSyncWorker:
    com.matrix.domain.contracts.SmiteRepository smiteRepository -> a
    com.matrix.domain.contracts.SmiteRepository access$getSmiteRepository$p(com.matrix.data.service.PatchSyncWorker) -> a
com.matrix.data.service.PatchSyncWorker$doWork$1 -> com.matrix.data.service.PatchSyncWorker$a:
    java.lang.Object result -> a
    int label -> c
    com.matrix.data.service.PatchSyncWorker this$0 -> b
com.matrix.data.service.PatchSyncWorker$doWork$2 -> com.matrix.data.service.PatchSyncWorker$b:
    com.matrix.data.service.PatchSyncWorker this$0 -> b
    int label -> a
    1:1:java.lang.Object invoke(kotlinx.coroutines.CoroutineScope,kotlin.coroutines.Continuation):0:0 -> invoke
    1:1:java.lang.Object invoke(java.lang.Object,java.lang.Object):0 -> invoke