data/build/outputs/mapping/release/usage.txt
com.matrix.data.BuildConfig
com.matrix.data.injection.DataModule$Companion
com.matrix.data.injection.DataModule
com.matrix.data.injection.DataModule_Companion_ProvideDatabaseFactory
com.matrix.data.injection.DataModule_Companion_ProvideWorkManagerFactory
com.matrix.data.local.PatchVersionDataSourceImpl$getPatchVersion$$inlined$map$1$2$1
com.matrix.data.local.PatchVersionDataSourceImpl$getPatchVersion$$inlined$map$1$2
com.matrix.data.local.PatchVersionDataSourceImpl$getPatchVersion$$inlined$map$1
com.matrix.data.local.PatchVersionDataSourceImpl$setPatchVersion$2
com.matrix.data.local.PatchVersionDataSourceImpl
com.matrix.data.local.PatchVersionDataSourceImplKt
com.matrix.data.local.PatchVersionDataSourceImpl_Factory
com.matrix.data.local.SmiteDatabaseLocalDataSource
com.matrix.data.local.SmiteDatabaseLocalDataSource_Factory
com.matrix.data.local.db.AppDatabase:
    public abstract com.matrix.data.local.db.dao.BuildDao buildDao()
    public abstract com.matrix.data.local.db.dao.GodDao godDao()
    public abstract com.matrix.data.local.db.dao.ItemDao itemDao()
com.matrix.data.local.db.AppDatabase_Impl:
    private volatile com.matrix.data.local.db.dao.BuildDao _buildDao
    private volatile com.matrix.data.local.db.dao.GodDao _godDao
    private volatile com.matrix.data.local.db.dao.ItemDao _itemDao
    public com.matrix.data.local.db.dao.BuildDao buildDao()
    public com.matrix.data.local.db.dao.GodDao godDao()
    public com.matrix.data.local.db.dao.ItemDao itemDao()
com.matrix.data.local.db.Converters
com.matrix.data.local.db.dao.BuildDao$DefaultImpls
com.matrix.data.local.db.dao.BuildDao$createBuild$1
com.matrix.data.local.db.dao.BuildDao:
    public abstract java.lang.Object createBuild(com.matrix.data.local.db.entity.BuildEntity,java.util.List,kotlin.coroutines.Continuation)
    public abstract java.lang.Object deleteBuildEntity(com.matrix.data.local.db.entity.BuildEntity,kotlin.coroutines.Continuation)
    public abstract kotlinx.coroutines.flow.Flow getAll()
    public abstract kotlinx.coroutines.flow.Flow getBuild(int)
    public abstract java.lang.Object insertBuildEntity(com.matrix.data.local.db.entity.BuildEntity,kotlin.coroutines.Continuation)
    public abstract java.lang.Object insertBuildItemCrossRef(com.matrix.data.local.db.entity.BuildItemCrossRef,kotlin.coroutines.Continuation)
com.matrix.data.local.db.dao.BuildDao_Impl$1
com.matrix.data.local.db.dao.BuildDao_Impl$2
com.matrix.data.local.db.dao.BuildDao_Impl$3
com.matrix.data.local.db.dao.BuildDao_Impl$4
com.matrix.data.local.db.dao.BuildDao_Impl$5
com.matrix.data.local.db.dao.BuildDao_Impl$6
com.matrix.data.local.db.dao.BuildDao_Impl$7
com.matrix.data.local.db.dao.BuildDao_Impl$8
...
hilt_aggregated_deps._com_matrix_data_injection_DataModule
hilt_aggregated_deps._com_matrix_data_service_PatchSyncWorker_HiltModule